[debug] [2026-02-15T02:15:41.637Z] ----------------------------------------------------------------------
[debug] [2026-02-15T02:15:41.641Z] Command:       C:\nvm4w\nodejs\node.exe C:\nvm4w\nodejs\node_modules\firebase-tools\lib\bin\firebase.js init
[debug] [2026-02-15T02:15:41.641Z] CLI Version:   15.6.0
[debug] [2026-02-15T02:15:41.641Z] Platform:      win32
[debug] [2026-02-15T02:15:41.641Z] Node Version:  v22.15.0
[debug] [2026-02-15T02:15:41.641Z] Time:          Sat Feb 14 2026 23:15:41 GMT-0300 (Horário Padrão de Brasília)
[debug] [2026-02-15T02:15:41.641Z] ----------------------------------------------------------------------
[debug] 
[info] 
     ######## #### ########  ######## ########     ###     ######  ########
     ##        ##  ##     ## ##       ##     ##  ##   ##  ##       ##
     ######    ##  ########  ######   ########  #########  ######  ######
     ##        ##  ##    ##  ##       ##     ## ##     ##       ## ##
     ##       #### ##     ## ######## ########  ##     ##  ######  ########

You're about to initialize a Firebase project in this directory:

  E:\Pro\Site-Velha-Manna

[info] 
=== Project Setup
[info] 
[info] First, let's associate this project directory with a Firebase project.
[info] You can create multiple project aliases by running firebase use --add, 
[info] 
[debug] [2026-02-15T02:16:41.394Z] > command requires scopes: ["email","openid","https://www.googleapis.com/auth/cloudplatformprojects.readonly","https://www.googleapis.com/auth/firebase","https://www.googleapis.com/auth/cloud-platform"]
[debug] [2026-02-15T02:16:41.394Z] > authorizing via signed-in user (iagodjcarvalho@gmail.com)
[debug] [2026-02-15T02:16:41.395Z] Checked if tokens are valid: true, expires at: 1771125329316
[debug] [2026-02-15T02:16:41.395Z] Checked if tokens are valid: true, expires at: 1771125329316
[debug] [2026-02-15T02:16:41.396Z] >>> [apiv2][query] GET https://firebase.googleapis.com/v1beta1/projects pageSize=100
[debug] [2026-02-15T02:16:42.131Z] <<< [apiv2][status] GET https://firebase.googleapis.com/v1beta1/projects 200
[debug] [2026-02-15T02:16:42.131Z] <<< [apiv2][body] GET https://firebase.googleapis.com/v1beta1/projects [omitted]
[info] 
=== Dataconnect Setup
[info] i  dataconnect: ensuring required API firebasedataconnect.googleapis.com is enabled... 
[debug] [2026-02-15T02:16:44.457Z] Checked if tokens are valid: true, expires at: 1771125329316
[debug] [2026-02-15T02:16:44.457Z] Checked if tokens are valid: true, expires at: 1771125329316
[info] i  dataconnect: ensuring required API sqladmin.googleapis.com is enabled... 
[debug] [2026-02-15T02:16:44.458Z] Checked if tokens are valid: true, expires at: 1771125329316
[debug] [2026-02-15T02:16:44.458Z] Checked if tokens are valid: true, expires at: 1771125329316
[debug] [2026-02-15T02:16:44.458Z] >>> [apiv2][query] GET https://serviceusage.googleapis.com/v1/projects/site-velha-manna/services/firebasedataconnect.googleapis.com [none]
[debug] [2026-02-15T02:16:44.458Z] >>> [apiv2][(partial)header] GET https://serviceusage.googleapis.com/v1/projects/site-velha-manna/services/firebasedataconnect.googleapis.com  x-goog-user-project=site-velha-manna
[debug] [2026-02-15T02:16:44.459Z] >>> [apiv2][query] GET https://serviceusage.googleapis.com/v1/projects/site-velha-manna/services/sqladmin.googleapis.com [none]
[debug] [2026-02-15T02:16:44.459Z] >>> [apiv2][(partial)header] GET https://serviceusage.googleapis.com/v1/projects/site-velha-manna/services/sqladmin.googleapis.com  x-goog-user-project=site-velha-manna
[debug] [2026-02-15T02:16:45.517Z] <<< [apiv2][status] GET https://serviceusage.googleapis.com/v1/projects/site-velha-manna/services/firebasedataconnect.googleapis.com 200
[debug] [2026-02-15T02:16:45.517Z] <<< [apiv2][body] GET https://serviceusage.googleapis.com/v1/projects/site-velha-manna/services/firebasedataconnect.googleapis.com [omitted]
[warn] !  dataconnect: missing required API firebasedataconnect.googleapis.com. Enabling now... 
[debug] [2026-02-15T02:16:45.517Z] Checked if tokens are valid: true, expires at: 1771125329316
[debug] [2026-02-15T02:16:45.517Z] Checked if tokens are valid: true, expires at: 1771125329316
[debug] [2026-02-15T02:16:45.517Z] >>> [apiv2][query] POST https://serviceusage.googleapis.com/v1/projects/site-velha-manna/services/firebasedataconnect.googleapis.com:enable [none]
[debug] [2026-02-15T02:16:45.518Z] >>> [apiv2][(partial)header] POST https://serviceusage.googleapis.com/v1/projects/site-velha-manna/services/firebasedataconnect.googleapis.com:enable  x-goog-user-project=site-velha-manna
[debug] [2026-02-15T02:16:45.523Z] <<< [apiv2][status] GET https://serviceusage.googleapis.com/v1/projects/site-velha-manna/services/sqladmin.googleapis.com 200
[debug] [2026-02-15T02:16:45.523Z] <<< [apiv2][body] GET https://serviceusage.googleapis.com/v1/projects/site-velha-manna/services/sqladmin.googleapis.com [omitted]
[warn] !  dataconnect: missing required API sqladmin.googleapis.com. Enabling now... 
[debug] [2026-02-15T02:16:45.523Z] Checked if tokens are valid: true, expires at: 1771125329316
[debug] [2026-02-15T02:16:45.523Z] Checked if tokens are valid: true, expires at: 1771125329316
[debug] [2026-02-15T02:16:45.523Z] >>> [apiv2][query] POST https://serviceusage.googleapis.com/v1/projects/site-velha-manna/services/sqladmin.googleapis.com:enable [none]
[debug] [2026-02-15T02:16:45.523Z] >>> [apiv2][(partial)header] POST https://serviceusage.googleapis.com/v1/projects/site-velha-manna/services/sqladmin.googleapis.com:enable  x-goog-user-project=site-velha-manna
[debug] [2026-02-15T02:16:46.128Z] <<< [apiv2][status] POST https://serviceusage.googleapis.com/v1/projects/site-velha-manna/services/sqladmin.googleapis.com:enable 200
[debug] [2026-02-15T02:16:46.129Z] <<< [apiv2][body] POST https://serviceusage.googleapis.com/v1/projects/site-velha-manna/services/sqladmin.googleapis.com:enable [omitted]
[debug] [2026-02-15T02:16:46.349Z] <<< [apiv2][status] POST https://serviceusage.googleapis.com/v1/projects/site-velha-manna/services/firebasedataconnect.googleapis.com:enable 200
[debug] [2026-02-15T02:16:46.349Z] <<< [apiv2][body] POST https://serviceusage.googleapis.com/v1/projects/site-velha-manna/services/firebasedataconnect.googleapis.com:enable [omitted]
[debug] [2026-02-15T02:16:56.357Z] Checked if tokens are valid: true, expires at: 1771125329316
[debug] [2026-02-15T02:16:56.358Z] Checked if tokens are valid: true, expires at: 1771125329316
[debug] [2026-02-15T02:16:56.358Z] >>> [apiv2][query] GET https://firebasedataconnect.googleapis.com/v1/projects/site-velha-manna/locations/-/services [none]
[debug] [2026-02-15T02:16:57.768Z] <<< [apiv2][status] GET https://firebasedataconnect.googleapis.com/v1/projects/site-velha-manna/locations/-/services 200
[debug] [2026-02-15T02:16:57.768Z] <<< [apiv2][body] GET https://firebasedataconnect.googleapis.com/v1/projects/site-velha-manna/locations/-/services {}
[info] i  : ensuring required API cloudaicompanion.googleapis.com is enabled... 
[debug] [2026-02-15T02:17:06.431Z] Checked if tokens are valid: true, expires at: 1771125329316
[debug] [2026-02-15T02:17:06.431Z] Checked if tokens are valid: true, expires at: 1771125329316
[debug] [2026-02-15T02:17:06.431Z] >>> [apiv2][query] GET https://serviceusage.googleapis.com/v1/projects/site-velha-manna/services/cloudaicompanion.googleapis.com [none]
[debug] [2026-02-15T02:17:06.431Z] >>> [apiv2][(partial)header] GET https://serviceusage.googleapis.com/v1/projects/site-velha-manna/services/cloudaicompanion.googleapis.com  x-goog-user-project=site-velha-manna
[debug] [2026-02-15T02:17:07.400Z] <<< [apiv2][status] GET https://serviceusage.googleapis.com/v1/projects/site-velha-manna/services/cloudaicompanion.googleapis.com 200
[debug] [2026-02-15T02:17:07.400Z] <<< [apiv2][body] GET https://serviceusage.googleapis.com/v1/projects/site-velha-manna/services/cloudaicompanion.googleapis.com [omitted]
[info] +  : required API cloudaicompanion.googleapis.com is enabled 
[debug] [2026-02-15T02:17:13.767Z] Checked if tokens are valid: true, expires at: 1771125329316
[debug] [2026-02-15T02:17:13.767Z] Checked if tokens are valid: true, expires at: 1771125329316
[debug] [2026-02-15T02:17:13.767Z] >>> [apiv2][query] GET https://cloudbilling.googleapis.com/v1/projects/site-velha-manna/billingInfo [none]
[debug] [2026-02-15T02:17:15.083Z] <<< [apiv2][status] GET https://cloudbilling.googleapis.com/v1/projects/site-velha-manna/billingInfo 200
[debug] [2026-02-15T02:17:15.083Z] <<< [apiv2][body] GET https://cloudbilling.googleapis.com/v1/projects/site-velha-manna/billingInfo {"name":"projects/site-velha-manna/billingInfo","projectId":"site-velha-manna","billingAccountName":"","billingEnabled":false}
[debug] [2026-02-15T02:17:15.083Z] Checked if tokens are valid: true, expires at: 1771125329316
[debug] [2026-02-15T02:17:15.083Z] Checked if tokens are valid: true, expires at: 1771125329316
[debug] [2026-02-15T02:17:15.084Z] >>> [apiv2][query] GET https://monitoring.googleapis.com/v3/projects/site-velha-manna/timeSeries/ filter=metric.type%3D%22serviceruntime.googleapis.com%2Fquota%2Fallocation%2Fusage%22+AND+metric.label.quota_metric+%3D+%22sqladmin.googleapis.com%2Ffdc_lifetime_free_trial_per_project%22&interval.endTime=2026-02-15T02%3A17%3A15.083Z&interval.startTime=2026-02-08T02%3A17%3A15.083Z
[debug] [2026-02-15T02:17:16.615Z] <<< [apiv2][status] GET https://monitoring.googleapis.com/v3/projects/site-velha-manna/timeSeries/ 200
[debug] [2026-02-15T02:17:16.615Z] <<< [apiv2][body] GET https://monitoring.googleapis.com/v3/projects/site-velha-manna/timeSeries/ {"unit":"1"}
[info] +  dataconnect: Detected existing apps . (web) 
[debug] [2026-02-15T02:17:16.636Z] Checked if tokens are valid: true, expires at: 1771125329316
[debug] [2026-02-15T02:17:16.636Z] Checked if tokens are valid: true, expires at: 1771125329316
[debug] [2026-02-15T02:17:16.637Z] >>> [apiv2][query] POST https://firebasedataconnect.googleapis.com/v1/projects/site-velha-manna/locations/us-east4/services service_id=site-velha-manna
[debug] [2026-02-15T02:17:16.637Z] >>> [apiv2][body] POST https://firebasedataconnect.googleapis.com/v1/projects/site-velha-manna/locations/us-east4/services {"name":"projects/site-velha-manna/locations/us-east4/services/site-velha-manna"}
[debug] [2026-02-15T02:17:18.763Z] <<< [apiv2][status] POST https://firebasedataconnect.googleapis.com/v1/projects/site-velha-manna/locations/us-east4/services 200
[debug] [2026-02-15T02:17:18.763Z] <<< [apiv2][body] POST https://firebasedataconnect.googleapis.com/v1/projects/site-velha-manna/locations/us-east4/services {"name":"projects/site-velha-manna/locations/us-east4/operations/operation-1771121838360-64ad37007896a-7f06b048-a410bc5b","metadata":{"@type":"type.googleapis.com/google.firebase.dataconnect.v1.OperationMetadata","createTime":"2026-02-15T02:17:19.654468045Z","target":"projects/site-velha-manna/locations/us-east4/services/site-velha-manna","verb":"create","requestedCancellation":false,"apiVersion":"v1"},"done":false}
[debug] [2026-02-15T02:17:18.764Z] Checked if tokens are valid: true, expires at: 1771125329316
[debug] [2026-02-15T02:17:18.764Z] Checked if tokens are valid: true, expires at: 1771125329316
[debug] [2026-02-15T02:17:18.764Z] >>> [apiv2][query] GET https://firebasedataconnect.googleapis.com/v1/projects/site-velha-manna/locations/us-east4/operations/operation-1771121838360-64ad37007896a-7f06b048-a410bc5b [none]
[debug] [2026-02-15T02:17:18.936Z] <<< [apiv2][status] GET https://firebasedataconnect.googleapis.com/v1/projects/site-velha-manna/locations/us-east4/operations/operation-1771121838360-64ad37007896a-7f06b048-a410bc5b 200
[debug] [2026-02-15T02:17:18.936Z] <<< [apiv2][body] GET https://firebasedataconnect.googleapis.com/v1/projects/site-velha-manna/locations/us-east4/operations/operation-1771121838360-64ad37007896a-7f06b048-a410bc5b {"name":"projects/site-velha-manna/locations/us-east4/operations/operation-1771121838360-64ad37007896a-7f06b048-a410bc5b","metadata":{"@type":"type.googleapis.com/google.firebase.dataconnect.v1.OperationMetadata","createTime":"2026-02-15T02:17:19.654468045Z","target":"projects/site-velha-manna/locations/us-east4/services/site-velha-manna","verb":"create","requestedCancellation":false,"apiVersion":"v1"},"done":false}
[debug] [2026-02-15T02:17:19.444Z] [LRO Poller] Retrying task index 0
[debug] [2026-02-15T02:17:19.444Z] Checked if tokens are valid: true, expires at: 1771125329316
[debug] [2026-02-15T02:17:19.444Z] Checked if tokens are valid: true, expires at: 1771125329316
[debug] [2026-02-15T02:17:19.445Z] >>> [apiv2][query] GET https://firebasedataconnect.googleapis.com/v1/projects/site-velha-manna/locations/us-east4/operations/operation-1771121838360-64ad37007896a-7f06b048-a410bc5b [none]
[debug] [2026-02-15T02:17:19.616Z] <<< [apiv2][status] GET https://firebasedataconnect.googleapis.com/v1/projects/site-velha-manna/locations/us-east4/operations/operation-1771121838360-64ad37007896a-7f06b048-a410bc5b 200
[debug] [2026-02-15T02:17:19.616Z] <<< [apiv2][body] GET https://firebasedataconnect.googleapis.com/v1/projects/site-velha-manna/locations/us-east4/operations/operation-1771121838360-64ad37007896a-7f06b048-a410bc5b {"name":"projects/site-velha-manna/locations/us-east4/operations/operation-1771121838360-64ad37007896a-7f06b048-a410bc5b","metadata":{"@type":"type.googleapis.com/google.firebase.dataconnect.v1.OperationMetadata","createTime":"2026-02-15T02:17:19.654468045Z","target":"projects/site-velha-manna/locations/us-east4/services/site-velha-manna","verb":"create","requestedCancellation":false,"apiVersion":"v1"},"done":false}
[debug] [2026-02-15T02:17:20.619Z] [LRO Poller] Retrying task index 0
[debug] [2026-02-15T02:17:20.619Z] Checked if tokens are valid: true, expires at: 1771125329316
[debug] [2026-02-15T02:17:20.619Z] Checked if tokens are valid: true, expires at: 1771125329316
[debug] [2026-02-15T02:17:20.619Z] >>> [apiv2][query] GET https://firebasedataconnect.googleapis.com/v1/projects/site-velha-manna/locations/us-east4/operations/operation-1771121838360-64ad37007896a-7f06b048-a410bc5b [none]
[debug] [2026-02-15T02:17:20.758Z] <<< [apiv2][status] GET https://firebasedataconnect.googleapis.com/v1/projects/site-velha-manna/locations/us-east4/operations/operation-1771121838360-64ad37007896a-7f06b048-a410bc5b 200
[debug] [2026-02-15T02:17:20.758Z] <<< [apiv2][body] GET https://firebasedataconnect.googleapis.com/v1/projects/site-velha-manna/locations/us-east4/operations/operation-1771121838360-64ad37007896a-7f06b048-a410bc5b {"name":"projects/site-velha-manna/locations/us-east4/operations/operation-1771121838360-64ad37007896a-7f06b048-a410bc5b","metadata":{"@type":"type.googleapis.com/google.firebase.dataconnect.v1.OperationMetadata","createTime":"2026-02-15T02:17:19.654468045Z","endTime":"2026-02-15T02:17:20.921598693Z","target":"projects/site-velha-manna/locations/us-east4/services/site-velha-manna","verb":"create","requestedCancellation":false,"apiVersion":"v1"},"done":true,"response":{"@type":"type.googleapis.com/google.firebase.dataconnect.v1.Service","name":"projects/site-velha-manna/locations/us-east4/services/site-velha-manna","createTime":"2026-02-15T02:17:19.650964446Z","updateTime":"2026-02-15T02:17:19.650964446Z","uid":"a15d24b2-b4ef-4292-9f06-c2efad010258","reconciling":false,"etag":"0HVBqrgKE7d8QRURqCAf88Dh8I0JndF2Dmqi2KLZqh8"}}
[debug] [2026-02-15T02:17:20.761Z] Checked if tokens are valid: true, expires at: 1771125329316
[debug] [2026-02-15T02:17:20.761Z] Checked if tokens are valid: true, expires at: 1771125329316
[debug] [2026-02-15T02:17:20.761Z] >>> [apiv2][query] POST https://cloudaicompanion.googleapis.com/v1beta/projects/site-velha-manna/locations/global/instances/default:completeTask [none]
[debug] [2026-02-15T02:17:20.762Z] >>> [apiv2][body] POST https://cloudaicompanion.googleapis.com/v1beta/projects/site-velha-manna/locations/global/instances/default:completeTask {"input":{"messages":[{"content":"teste site","author":"USER"}]},"experienceContext":{"experience":"/appeco/firebase/fdc-schema-generator"}}
[debug] [2026-02-15T02:17:26.631Z] <<< [apiv2][status] POST https://cloudaicompanion.googleapis.com/v1beta/projects/site-velha-manna/locations/global/instances/default:completeTask 200
[debug] [2026-02-15T02:17:26.631Z] <<< [apiv2][body] POST https://cloudaicompanion.googleapis.com/v1beta/projects/site-velha-manna/locations/global/instances/default:completeTask {"output":{"messages":[{"content":"```graphql\ntype User @table {\n  displayName: String!\n  email: String!\n  createdAt: Timestamp!\n  photoUrl: String\n  bio: String\n  githubUrl: String\n  linkedinUrl: String\n}\n\ntype Project @table {\n  title: String!\n  description: String!\n  createdAt: Timestamp!\n  imageUrl: String\n  projectUrl: String\n  user: User\n}\n\ntype BlogPost @table {\n  title: String!\n  content: String!\n  createdAt: Timestamp!\n  imageUrl: String\n  tags: [String]\n  user: User\n}\n\ntype Category @table {\n  name: String!\n  createdAt: Timestamp!\n}\n\ntype BlogPostCategory @table(key: [\"blogPost\", \"category\"]) {\n  createdAt: Timestamp!\n  blogPost: BlogPost!\n  category: Category!\n}\n```\n"}]},"displayContext":{"additionalContext":{"@type":"type.googleapis.com/google.cloud.cloudaicompanion.v1main.FirebaseChatDisplayContext","firebaseFdcDisplayContext":{"schemaSyntaxError":""}}}}
[debug] [2026-02-15T02:17:26.633Z] Checked if tokens are valid: true, expires at: 1771125329316
[debug] [2026-02-15T02:17:26.633Z] Checked if tokens are valid: true, expires at: 1771125329316
[debug] [2026-02-15T02:17:26.633Z] >>> [apiv2][query] PATCH https://firebasedataconnect.googleapis.com/v1/projects/site-velha-manna/locations/us-east4/services/site-velha-manna/schemas/main allowMissing=true&validateOnly=false
[debug] [2026-02-15T02:17:26.633Z] >>> [apiv2][body] PATCH https://firebasedataconnect.googleapis.com/v1/projects/site-velha-manna/locations/us-east4/services/site-velha-manna/schemas/main {"name":"projects/site-velha-manna/locations/us-east4/services/site-velha-manna/schemas/main","datasources":[{"postgresql":{}}],"source":{"files":[{"path":"schema.gql","content":"type User @table {\n  displayName: String!\n  email: String!\n  createdAt: Timestamp!\n  photoUrl: String\n  bio: String\n  githubUrl: String\n  linkedinUrl: String\n}\n\ntype Project @table {\n  title: String!\n  description: String!\n  createdAt: Timestamp!\n  imageUrl: String\n  projectUrl: String\n  user: User\n}\n\ntype BlogPost @table {\n  title: String!\n  content: String!\n  createdAt: Timestamp!\n  imageUrl: String\n  tags: [String]\n  user: User\n}\n\ntype Category @table {\n  name: String!\n  createdAt: Timestamp!\n}\n\ntype BlogPostCategory @table(key: [\"blogPost\", \"category\"]) {\n  createdAt: Timestamp!\n  blogPost: BlogPost!\n  category: Category!\n}"}]}}
[debug] [2026-02-15T02:17:27.520Z] <<< [apiv2][status] PATCH https://firebasedataconnect.googleapis.com/v1/projects/site-velha-manna/locations/us-east4/services/site-velha-manna/schemas/main 200
[debug] [2026-02-15T02:17:27.520Z] <<< [apiv2][body] PATCH https://firebasedataconnect.googleapis.com/v1/projects/site-velha-manna/locations/us-east4/services/site-velha-manna/schemas/main {"name":"projects/site-velha-manna/locations/us-east4/operations/operation-1771121848344-64ad3709fe0e6-410a58ac-b560d2bf","metadata":{"@type":"type.googleapis.com/google.firebase.dataconnect.v1.OperationMetadata","createTime":"2026-02-15T02:17:28.412356190Z","target":"projects/site-velha-manna/locations/us-east4/services/site-velha-manna/schemas/main","verb":"update","requestedCancellation":false,"apiVersion":"v1"},"done":false}
[debug] [2026-02-15T02:17:27.520Z] Checked if tokens are valid: true, expires at: 1771125329316
[debug] [2026-02-15T02:17:27.520Z] Checked if tokens are valid: true, expires at: 1771125329316
[debug] [2026-02-15T02:17:27.520Z] >>> [apiv2][query] GET https://firebasedataconnect.googleapis.com/v1/projects/site-velha-manna/locations/us-east4/operations/operation-1771121848344-64ad3709fe0e6-410a58ac-b560d2bf [none]
[debug] [2026-02-15T02:17:27.679Z] <<< [apiv2][status] GET https://firebasedataconnect.googleapis.com/v1/projects/site-velha-manna/locations/us-east4/operations/operation-1771121848344-64ad3709fe0e6-410a58ac-b560d2bf 200
[debug] [2026-02-15T02:17:27.679Z] <<< [apiv2][body] GET https://firebasedataconnect.googleapis.com/v1/projects/site-velha-manna/locations/us-east4/operations/operation-1771121848344-64ad3709fe0e6-410a58ac-b560d2bf {"name":"projects/site-velha-manna/locations/us-east4/operations/operation-1771121848344-64ad3709fe0e6-410a58ac-b560d2bf","metadata":{"@type":"type.googleapis.com/google.firebase.dataconnect.v1.OperationMetadata","createTime":"2026-02-15T02:17:28.412356190Z","target":"projects/site-velha-manna/locations/us-east4/services/site-velha-manna/schemas/main","verb":"update","requestedCancellation":false,"apiVersion":"v1"},"done":false}
[debug] [2026-02-15T02:17:28.186Z] [LRO Poller] Retrying task index 0
[debug] [2026-02-15T02:17:28.187Z] Checked if tokens are valid: true, expires at: 1771125329316
[debug] [2026-02-15T02:17:28.187Z] Checked if tokens are valid: true, expires at: 1771125329316
[debug] [2026-02-15T02:17:28.187Z] >>> [apiv2][query] GET https://firebasedataconnect.googleapis.com/v1/projects/site-velha-manna/locations/us-east4/operations/operation-1771121848344-64ad3709fe0e6-410a58ac-b560d2bf [none]
[debug] [2026-02-15T02:17:28.332Z] <<< [apiv2][status] GET https://firebasedataconnect.googleapis.com/v1/projects/site-velha-manna/locations/us-east4/operations/operation-1771121848344-64ad3709fe0e6-410a58ac-b560d2bf 200
[debug] [2026-02-15T02:17:28.332Z] <<< [apiv2][body] GET https://firebasedataconnect.googleapis.com/v1/projects/site-velha-manna/locations/us-east4/operations/operation-1771121848344-64ad3709fe0e6-410a58ac-b560d2bf {"name":"projects/site-velha-manna/locations/us-east4/operations/operation-1771121848344-64ad3709fe0e6-410a58ac-b560d2bf","metadata":{"@type":"type.googleapis.com/google.firebase.dataconnect.v1.OperationMetadata","createTime":"2026-02-15T02:17:28.412356190Z","endTime":"2026-02-15T02:17:28.626018784Z","target":"projects/site-velha-manna/locations/us-east4/services/site-velha-manna/schemas/main","verb":"update","requestedCancellation":false,"apiVersion":"v1"},"done":true}
[debug] [2026-02-15T02:17:28.333Z] Checked if tokens are valid: true, expires at: 1771125329316
[debug] [2026-02-15T02:17:28.333Z] Checked if tokens are valid: true, expires at: 1771125329316
[debug] [2026-02-15T02:17:28.333Z] Checked if tokens are valid: true, expires at: 1771125329316
[debug] [2026-02-15T02:17:28.333Z] Checked if tokens are valid: true, expires at: 1771125329316
[debug] [2026-02-15T02:17:28.333Z] >>> [apiv2][query] POST https://cloudaicompanion.googleapis.com/v1beta/projects/site-velha-manna/locations/global/instances/default:completeTask [none]
[debug] [2026-02-15T02:17:28.333Z] >>> [apiv2][body] POST https://cloudaicompanion.googleapis.com/v1beta/projects/site-velha-manna/locations/global/instances/default:completeTask {"input":{"messages":[{"content":"Create 4 operations for an app using the instance schema with proper authentication.","author":"USER"}]},"experienceContext":{"experience":"/appeco/firebase/fdc-query-generator"},"clientContext":{"additionalContext":{"@type":"type.googleapis.com/google.cloud.cloudaicompanion.v1main.FirebaseChatRequestContext","fdcInfo":{"fdcServiceName":"projects/site-velha-manna/locations/us-east4/services/site-velha-manna","requiresQuery":true}}}}
[debug] [2026-02-15T02:17:28.333Z] >>> [apiv2][query] POST https://cloudaicompanion.googleapis.com/v1beta/projects/site-velha-manna/locations/global/instances/default:completeTask [none]
[debug] [2026-02-15T02:17:28.333Z] >>> [apiv2][body] POST https://cloudaicompanion.googleapis.com/v1beta/projects/site-velha-manna/locations/global/instances/default:completeTask {"input":{"messages":[{"content":"Create a mutation to populate the database with some seed data.","author":"USER"}]},"experienceContext":{"experience":"/appeco/firebase/fdc-query-generator"},"clientContext":{"additionalContext":{"@type":"type.googleapis.com/google.cloud.cloudaicompanion.v1main.FirebaseChatRequestContext","fdcInfo":{"fdcServiceName":"projects/site-velha-manna/locations/us-east4/services/site-velha-manna","requiresQuery":true}}}}
[debug] [2026-02-15T02:17:32.234Z] <<< [apiv2][status] POST https://cloudaicompanion.googleapis.com/v1beta/projects/site-velha-manna/locations/global/instances/default:completeTask 200
[debug] [2026-02-15T02:17:32.234Z] <<< [apiv2][body] POST https://cloudaicompanion.googleapis.com/v1beta/projects/site-velha-manna/locations/global/instances/default:completeTask {"output":{"messages":[{"content":"Here are 4 operations for your app, focusing on different use cases and demonstrating proper authentication and authorization:\n\n```graphql\nquery ListAllBlogPosts @auth(level: PUBLIC, insecureReason: \"This operation is safe to expose to the public\") {\n  blogPosts(orderBy: [{createdAt: DESC}]) {\n    id\n    title\n    imageUrl\n    content\n    createdAt\n    user {\n      id\n      displayName\n    }\n    categories_via_BlogPostCategory {\n      id\n      name\n    }\n  }\n}\n\nquery MyProjects @auth(level: USER, insecureReason: \"This operation is safe to expose to all logged in users.\") {\n  projects(where: {userId: {eq_expr: \"auth.uid\"}}, orderBy: [{createdAt: DESC}]) {\n    id\n    title\n    description\n    projectUrl\n    imageUrl\n    createdAt\n  }\n}\n\nmutation CreateBlogPost($title: String!, $content: String!, $imageUrl: String, $tags: [String!], $categoryIds: [UUID!]) @auth(level: USER) {\n  blogPost: blogPost_insert(data: {\n    title: $title,\n    content: $content,\n    imageUrl: $imageUrl,\n    tags: $tags,\n    userId_expr: \"auth.uid\",\n    createdAt_expr: \"request.time\"\n  }) {\n    id\n  }\n  blogPostCategory_insertMany(data: $categoryIds.map(categoryId, blogPostId => ({\n    blogPostId: blogPostId,\n    categoryId: categoryId,\n    createdAt_expr: \"request.time\"\n  }))) @transaction\n}\n\nmutation UpdateUserProfile($bio: String, $displayName: String, $githubUrl: String, $linkedinUrl: String, $photoUrl: String) @auth(level: USER) {\n  user_update(key: {id_expr: \"auth.uid\"}, data: {\n    bio: $bio,\n    displayName: $displayName,\n    githubUrl: $githubUrl,\n    linkedinUrl: $linkedinUrl,\n    photoUrl: $photoUrl\n  }) {\n    id\n  }\n}\n```","author":"model"}]},"outputDataContext":{"additionalContext":{"@type":"type.googleapis.com/google.cloud.cloudaicompanion.v1main.ChatOutputDataContext","relatedContent":{}}},"attributionContext":{"citationMetadata":{}}}
[debug] [2026-02-15T02:17:36.325Z] <<< [apiv2][status] POST https://cloudaicompanion.googleapis.com/v1beta/projects/site-velha-manna/locations/global/instances/default:completeTask 200
[debug] [2026-02-15T02:17:36.325Z] <<< [apiv2][body] POST https://cloudaicompanion.googleapis.com/v1beta/projects/site-velha-manna/locations/global/instances/default:completeTask {"output":{"messages":[{"content":"Here's a mutation to populate your database with some seed data. This mutation uses hardcoded values for simplicity, which is ideal for seeding initial data.\n\n```graphql\nmutation CreateSeedData @transaction @auth(level: USER, insecureReason: \"This operation is safe to expose to all logged in users.\") {\n  user_insertMany(data: [\n    {\n      id: \"b4d7c0f0-1e8c-4f7e-8c0c-0c8f1e8c4f7e\",\n      displayName: \"Alice Smith\",\n      email: \"alice.smith@example.com\",\n      createdAt: \"2023-01-01T10:00:00Z\",\n      bio: \"Software developer with a passion for open-source.\",\n      githubUrl: \"https://github.com/alicesmith\",\n      linkedinUrl: \"https://www.linkedin.com/in/alicesmith\"\n    },\n    {\n      id: \"e9f2a1b3-5d6c-4e7a-8f9b-1d2c3e4f5a6b\",\n      displayName: \"Bob Johnson\",\n      email: \"bob.johnson@example.com\",\n      createdAt: \"2023-01-05T11:30:00Z\",\n      bio: \"Product manager always looking for new challenges.\",\n      photoUrl: \"https://example.com/bob_profile.jpg\"\n    }\n  ])\n  category_insertMany(data: [\n    {\n      id: \"a1c2d3e4-f5a6-7b8c-9d0e-1f2a3b4c5d6e\",\n      name: \"Technology\",\n      createdAt: \"2023-01-10T12:00:00Z\"\n    },\n    {\n      id: \"f6g7h8i9-j0k1-2l3m-4n5o-6p7q8r9s0t1u\",\n      name: \"Productivity\",\n      createdAt: \"2023-01-12T09:00:00Z\"\n    }\n  ])\n  blogPost_insertMany(data: [\n    {\n      id: \"1a2b3c4d-5e6f-7a8b-9c0d-1e2f3a4b5c6d\",\n      userId: \"b4d7c0f0-1e8c-4f7e-8c0c-0c8f1e8c4f7e\",\n      title: \"My First Blog Post\",\n      content: \"This is the content of my first blog post about coding.\",\n      createdAt: \"2023-01-15T14:00:00Z\",\n      tags: [\"coding\", \"development\"]\n    },\n    {\n      id: \"7h8i9j0k-1l2m-3n4o-5p6q-7r8s9t0u1v2w\",\n      userId: \"e9f2a1b3-5d6c-4e7a-8f9b-1d2c3e4f5a6b\",\n      title: \"How to Boost Your Productivity\",\n      content: \"Tips and tricks to stay productive throughout the day.\",\n      createdAt: \"2023-01-20T16:00:00Z\",\n      imageUrl: \"https://example.com/productivity_blog.jpg\",\n      tags: [\"productivity\", \"tips\"]\n    }\n  ])\n  blogPostCategory_insertMany(data: [\n    {\n      blogPostId: \"1a2b3c4d-5e6f-7a8b-9c0d-1e2f3a4b5c6d\",\n      categoryId: \"a1c2d3e4-f5a6-7b8c-9d0e-1f2a3b4c5d6e\",\n      createdAt: \"2023-01-15T14:00:00Z\"\n    },\n    {\n      blogPostId: \"7h8i9j0k-1l2m-3n4o-5p6q-7r8s9t0u1v2w\",\n      categoryId: \"f6g7h8i9-j0k1-2l3m-4n5o-6p7q8r9s0t1u\",\n      createdAt: \"2023-01-20T16:00:00Z\"\n    }\n  ])\n  project_insertMany(data: [\n    {\n      id: \"x1y2z3a4-b5c6-d7e8-f9g0-h1i2j3k4l5m6\",\n      userId: \"b4d7c0f0-1e8c-4f7e-8c0c-0c8f1e8c4f7e\",\n      title: \"Open-Source Project Alpha\",\n      description: \"A new open-source project focused on web development.\",\n      createdAt: \"2023-02-01T09:00:00Z\",\n      projectUrl: \"https://github.com/alicesmith/project-alpha\",\n      imageUrl: \"https://example.com/project_alpha.jpg\"\n    }\n  ])\n}\n```","author":"model"}]},"outputDataContext":{"additionalContext":{"@type":"type.googleapis.com/google.cloud.cloudaicompanion.v1main.ChatOutputDataContext","relatedContent":{}}},"attributionContext":{"citationMetadata":{}}}
[info] +  Wrote dataconnect\dataconnect.yaml 
[info] +  Wrote dataconnect\seed_data.gql 
[info] +  Wrote dataconnect\schema\schema.gql 
[info] +  Wrote dataconnect\example\connector.yaml 
[info] +  Wrote dataconnect\example\queries.gql 
[info] +  Wrote dataconnect\example\connector.yaml 
[info] i  dataconnect: Installing the generated SDKs ... 
[info] i  dataconnect: downloading dataconnect-emulator-3.1.3.exe... {"metadata":{"emulator":{"name":"dataconnect"},"message":"downloading dataconnect-emulator-3.1.3.exe..."}}
[debug] [2026-02-15T02:17:36.365Z] >>> [apiv2][query] GET https://storage.googleapis.com/firemat-preview-drop/emulator/dataconnect-emulator-windows-amd64-v3.1.3 
[debug] [2026-02-15T02:17:36.661Z] <<< [apiv2][status] GET https://storage.googleapis.com/firemat-preview-drop/emulator/dataconnect-emulator-windows-amd64-v3.1.3 200
[debug] [2026-02-15T02:17:36.661Z] <<< [apiv2][body] GET https://storage.googleapis.com/firemat-preview-drop/emulator/dataconnect-emulator-windows-amd64-v3.1.3 [stream]
[debug] [2026-02-15T02:17:45.283Z] defaultcredentials: writing to file C:\Users\iagod\AppData\Roaming\firebase\iagodjcarvalho_gmail_com_application_default_credentials.json
[error] !!  dataconnect: Failed to generate Data Connect SDKs
Command failed with exit code 1 
[info] +  dataconnect: Installed generated SDKs for . (web) 
[info] 
=== Firestore Setup
[info] i  firestore: ensuring required API firestore.googleapis.com is enabled... 
[debug] [2026-02-15T02:17:47.761Z] Checked if tokens are valid: true, expires at: 1771125329316
[debug] [2026-02-15T02:17:47.761Z] Checked if tokens are valid: true, expires at: 1771125329316
[debug] [2026-02-15T02:17:47.761Z] >>> [apiv2][query] GET https://serviceusage.googleapis.com/v1/projects/site-velha-manna/services/firestore.googleapis.com [none]
[debug] [2026-02-15T02:17:47.761Z] >>> [apiv2][(partial)header] GET https://serviceusage.googleapis.com/v1/projects/site-velha-manna/services/firestore.googleapis.com  x-goog-user-project=site-velha-manna
[debug] [2026-02-15T02:17:48.885Z] <<< [apiv2][status] GET https://serviceusage.googleapis.com/v1/projects/site-velha-manna/services/firestore.googleapis.com 200
[debug] [2026-02-15T02:17:48.885Z] <<< [apiv2][body] GET https://serviceusage.googleapis.com/v1/projects/site-velha-manna/services/firestore.googleapis.com [omitted]
[warn] !  firestore: missing required API firestore.googleapis.com. Enabling now... 
[debug] [2026-02-15T02:17:48.886Z] Checked if tokens are valid: true, expires at: 1771125329316
[debug] [2026-02-15T02:17:48.886Z] Checked if tokens are valid: true, expires at: 1771125329316
[debug] [2026-02-15T02:17:48.886Z] >>> [apiv2][query] POST https://serviceusage.googleapis.com/v1/projects/site-velha-manna/services/firestore.googleapis.com:enable [none]
[debug] [2026-02-15T02:17:48.886Z] >>> [apiv2][(partial)header] POST https://serviceusage.googleapis.com/v1/projects/site-velha-manna/services/firestore.googleapis.com:enable  x-goog-user-project=site-velha-manna
[debug] [2026-02-15T02:17:50.141Z] <<< [apiv2][status] POST https://serviceusage.googleapis.com/v1/projects/site-velha-manna/services/firestore.googleapis.com:enable 200
[debug] [2026-02-15T02:17:50.141Z] <<< [apiv2][body] POST https://serviceusage.googleapis.com/v1/projects/site-velha-manna/services/firestore.googleapis.com:enable [omitted]
[debug] [2026-02-15T02:18:00.153Z] Checked if tokens are valid: true, expires at: 1771125329316
[debug] [2026-02-15T02:18:00.153Z] Checked if tokens are valid: true, expires at: 1771125329316
[debug] [2026-02-15T02:18:00.153Z] >>> [apiv2][query] GET https://firestore.googleapis.com/v1/projects/site-velha-manna/databases [none]
[debug] [2026-02-15T02:18:00.823Z] <<< [apiv2][status] GET https://firestore.googleapis.com/v1/projects/site-velha-manna/databases 200
[debug] [2026-02-15T02:18:00.823Z] <<< [apiv2][body] GET https://firestore.googleapis.com/v1/projects/site-velha-manna/databases {}
[debug] [2026-02-15T02:18:00.824Z] Checked if tokens are valid: true, expires at: 1771125329316
[debug] [2026-02-15T02:18:00.824Z] Checked if tokens are valid: true, expires at: 1771125329316
[debug] [2026-02-15T02:18:00.824Z] >>> [apiv2][query] GET https://firestore.googleapis.com/v1/projects/site-velha-manna/locations [none]
[debug] [2026-02-15T02:18:01.060Z] <<< [apiv2][status] GET https://firestore.googleapis.com/v1/projects/site-velha-manna/locations 200
[debug] [2026-02-15T02:18:01.060Z] <<< [apiv2][body] GET https://firestore.googleapis.com/v1/projects/site-velha-manna/locations {"locations":[{"name":"projects/site-velha-manna/locations/eur3","labels":{"appengine.googleapis.com/geo":"europe-west","cloud.googleapis.com/location":"eur3","cloud.googleapis.com/geo":"eur3"},"metadata":{"@type":"type.googleapis.com/google.firestore.admin.v1.LocationMetadata"},"locationId":"eur3","displayName":"Europe"},{"name":"projects/site-velha-manna/locations/nam5","labels":{"appengine.googleapis.com/geo":"us-central","cloud.googleapis.com/location":"nam5","cloud.googleapis.com/geo":"nam5"},"metadata":{"@type":"type.googleapis.com/google.firestore.admin.v1.LocationMetadata"},"locationId":"nam5","displayName":"United States"},{"name":"projects/site-velha-manna/locations/nam7","labels":{"cloud.googleapis.com/location":"nam7","cloud.googleapis.com/geo":"nam7"},"metadata":{"@type":"type.googleapis.com/google.firestore.admin.v1.LocationMetadata"},"locationId":"nam7","displayName":"United States"},{"name":"projects/site-velha-manna/locations/africa-south1","labels":{"cloud.googleapis.com/location":"africa-south1","cloud.googleapis.com/region":"africa-south1"},"metadata":{"@type":"type.googleapis.com/google.firestore.admin.v1.LocationMetadata"},"locationId":"africa-south1","displayName":"Johannesburg"},{"name":"projects/site-velha-manna/locations/asia-east1","labels":{"appengine.googleapis.com/region":"asia-east1","cloud.googleapis.com/location":"asia-east1","cloud.googleapis.com/region":"asia-east1"},"metadata":{"@type":"type.googleapis.com/google.firestore.admin.v1.LocationMetadata"},"locationId":"asia-east1","displayName":"Taiwan"},{"name":"projects/site-velha-manna/locations/asia-east2","labels":{"appengine.googleapis.com/region":"asia-east2","cloud.googleapis.com/location":"asia-east2","cloud.googleapis.com/region":"asia-east2"},"metadata":{"@type":"type.googleapis.com/google.firestore.admin.v1.LocationMetadata"},"locationId":"asia-east2","displayName":"Hong Kong"},{"name":"projects/site-velha-manna/locations/asia-northeast1","labels":{"appengine.googleapis.com/region":"asia-northeast1","cloud.googleapis.com/location":"asia-northeast1","cloud.googleapis.com/region":"asia-northeast1"},"metadata":{"@type":"type.googleapis.com/google.firestore.admin.v1.LocationMetadata"},"locationId":"asia-northeast1","displayName":"Tokyo"},{"name":"projects/site-velha-manna/locations/asia-northeast2","labels":{"appengine.googleapis.com/region":"asia-northeast2","cloud.googleapis.com/location":"asia-northeast2","cloud.googleapis.com/region":"asia-northeast2"},"metadata":{"@type":"type.googleapis.com/google.firestore.admin.v1.LocationMetadata"},"locationId":"asia-northeast2","displayName":"Osaka"},{"name":"projects/site-velha-manna/locations/asia-northeast3","labels":{"appengine.googleapis.com/region":"asia-northeast3","cloud.googleapis.com/location":"asia-northeast3","cloud.googleapis.com/region":"asia-northeast3"},"metadata":{"@type":"type.googleapis.com/google.firestore.admin.v1.LocationMetadata"},"locationId":"asia-northeast3","displayName":"Seoul"},{"name":"projects/site-velha-manna/locations/asia-south1","labels":{"appengine.googleapis.com/region":"asia-south1","cloud.googleapis.com/location":"asia-south1","cloud.googleapis.com/region":"asia-south1"},"metadata":{"@type":"type.googleapis.com/google.firestore.admin.v1.LocationMetadata"},"locationId":"asia-south1","displayName":"Mumbai"},{"name":"projects/site-velha-manna/locations/asia-south2","labels":{"cloud.googleapis.com/location":"asia-south2","cloud.googleapis.com/region":"asia-south2"},"metadata":{"@type":"type.googleapis.com/google.firestore.admin.v1.LocationMetadata"},"locationId":"asia-south2","displayName":"Delhi"},{"name":"projects/site-velha-manna/locations/asia-southeast1","labels":{"appengine.googleapis.com/region":"asia-southeast1","cloud.googleapis.com/location":"asia-southeast1","cloud.googleapis.com/region":"asia-southeast1"},"metadata":{"@type":"type.googleapis.com/google.firestore.admin.v1.LocationMetadata"},"locationId":"asia-southeast1","displayName":"Singapore"},{"name":"projects/site-velha-manna/locations/asia-southeast2","labels":{"appengine.googleapis.com/region":"asia-southeast2","cloud.googleapis.com/location":"asia-southeast2","cloud.googleapis.com/region":"asia-southeast2"},"metadata":{"@type":"type.googleapis.com/google.firestore.admin.v1.LocationMetadata"},"locationId":"asia-southeast2","displayName":"Jakarta"},{"name":"projects/site-velha-manna/locations/asia-southeast3","labels":{"cloud.googleapis.com/location":"asia-southeast3","cloud.googleapis.com/region":"asia-southeast3"},"metadata":{"@type":"type.googleapis.com/google.firestore.admin.v1.LocationMetadata"},"locationId":"asia-southeast3","displayName":"Bangkok"},{"name":"projects/site-velha-manna/locations/australia-southeast1","labels":{"appengine.googleapis.com/region":"australia-southeast1","cloud.googleapis.com/location":"australia-southeast1","cloud.googleapis.com/region":"australia-southeast1"},"metadata":{"@type":"type.googleapis.com/google.firestore.admin.v1.LocationMetadata"},"locationId":"australia-southeast1","displayName":"Sydney"},{"name":"projects/site-velha-manna/locations/australia-southeast2","labels":{"cloud.googleapis.com/location":"australia-southeast2","cloud.googleapis.com/region":"australia-southeast2"},"metadata":{"@type":"type.googleapis.com/google.firestore.admin.v1.LocationMetadata"},"locationId":"australia-southeast2","displayName":"Melbourne"},{"name":"projects/site-velha-manna/locations/europe-central2","labels":{"appengine.googleapis.com/region":"europe-central2","cloud.googleapis.com/location":"europe-central2","cloud.googleapis.com/region":"europe-central2"},"metadata":{"@type":"type.googleapis.com/google.firestore.admin.v1.LocationMetadata"},"locationId":"europe-central2","displayName":"Warsaw"},{"name":"projects/site-velha-manna/locations/europe-north1","labels":{"cloud.googleapis.com/location":"europe-north1","cloud.googleapis.com/region":"europe-north1"},"metadata":{"@type":"type.googleapis.com/google.firestore.admin.v1.LocationMetadata"},"locationId":"europe-north1","displayName":"Finland"},{"name":"projects/site-velha-manna/locations/europe-north2","labels":{"cloud.googleapis.com/location":"europe-north2","cloud.googleapis.com/region":"europe-north2"},"metadata":{"@type":"type.googleapis.com/google.firestore.admin.v1.LocationMetadata"},"locationId":"europe-north2","displayName":"Stockholm"},{"name":"projects/site-velha-manna/locations/europe-southwest1","labels":{"cloud.googleapis.com/location":"europe-southwest1","cloud.googleapis.com/region":"europe-southwest1"},"metadata":{"@type":"type.googleapis.com/google.firestore.admin.v1.LocationMetadata"},"locationId":"europe-southwest1","displayName":"Madrid"},{"name":"projects/site-velha-manna/locations/europe-west1","labels":{"cloud.googleapis.com/location":"europe-west1","cloud.googleapis.com/region":"europe-west1"},"metadata":{"@type":"type.googleapis.com/google.firestore.admin.v1.LocationMetadata"},"locationId":"europe-west1","displayName":"Belgium"},{"name":"projects/site-velha-manna/locations/europe-west10","labels":{"cloud.googleapis.com/location":"europe-west10","cloud.googleapis.com/region":"europe-west10"},"metadata":{"@type":"type.googleapis.com/google.firestore.admin.v1.LocationMetadata"},"locationId":"europe-west10","displayName":"Berlin"},{"name":"projects/site-velha-manna/locations/europe-west12","labels":{"cloud.googleapis.com/location":"europe-west12","cloud.googleapis.com/region":"europe-west12"},"metadata":{"@type":"type.googleapis.com/google.firestore.admin.v1.LocationMetadata"},"locationId":"europe-west12","displayName":"Turin"},{"name":"projects/site-velha-manna/locations/europe-west2","labels":{"appengine.googleapis.com/region":"europe-west2","cloud.googleapis.com/location":"europe-west2","cloud.googleapis.com/region":"europe-west2"},"metadata":{"@type":"type.googleapis.com/google.firestore.admin.v1.LocationMetadata"},"locationId":"europe-west2","displayName":"London"},{"name":"projects/site-velha-manna/locations/europe-west3","labels":{"appengine.googleapis.com/region":"europe-west3","cloud.googleapis.com/location":"europe-west3","cloud.googleapis.com/region":"europe-west3"},"metadata":{"@type":"type.googleapis.com/google.firestore.admin.v1.LocationMetadata"},"locationId":"europe-west3","displayName":"Frankfurt"},{"name":"projects/site-velha-manna/locations/europe-west4","labels":{"cloud.googleapis.com/location":"europe-west4","cloud.googleapis.com/region":"europe-west4"},"metadata":{"@type":"type.googleapis.com/google.firestore.admin.v1.LocationMetadata"},"locationId":"europe-west4","displayName":"Netherlands"},{"name":"projects/site-velha-manna/locations/europe-west6","labels":{"appengine.googleapis.com/region":"europe-west6","cloud.googleapis.com/location":"europe-west6","cloud.googleapis.com/region":"europe-west6"},"metadata":{"@type":"type.googleapis.com/google.firestore.admin.v1.LocationMetadata"},"locationId":"europe-west6","displayName":"Zurich"},{"name":"projects/site-velha-manna/locations/europe-west8","labels":{"cloud.googleapis.com/location":"europe-west8","cloud.googleapis.com/region":"europe-west8"},"metadata":{"@type":"type.googleapis.com/google.firestore.admin.v1.LocationMetadata"},"locationId":"europe-west8","displayName":"Milan"},{"name":"projects/site-velha-manna/locations/europe-west9","labels":{"cloud.googleapis.com/location":"europe-west9","cloud.googleapis.com/region":"europe-west9"},"metadata":{"@type":"type.googleapis.com/google.firestore.admin.v1.LocationMetadata"},"locationId":"europe-west9","displayName":"Paris"},{"name":"projects/site-velha-manna/locations/me-central1","labels":{"cloud.googleapis.com/location":"me-central1","cloud.googleapis.com/region":"me-central1"},"metadata":{"@type":"type.googleapis.com/google.firestore.admin.v1.LocationMetadata"},"locationId":"me-central1","displayName":"Doha"},{"name":"projects/site-velha-manna/locations/me-central2","labels":{"cloud.googleapis.com/location":"me-central2","cloud.googleapis.com/region":"me-central2"},"metadata":{"@type":"type.googleapis.com/google.firestore.admin.v1.LocationMetadata"},"locationId":"me-central2","displayName":"Dammam"},{"name":"projects/site-velha-manna/locations/me-west1","labels":{"cloud.googleapis.com/location":"me-west1","cloud.googleapis.com/region":"me-west1"},"metadata":{"@type":"type.googleapis.com/google.firestore.admin.v1.LocationMetadata"},"locationId":"me-west1","displayName":"Tel Aviv"},{"name":"projects/site-velha-manna/locations/northamerica-northeast1","labels":{"appengine.googleapis.com/region":"northamerica-northeast1","cloud.googleapis.com/location":"northamerica-northeast1","cloud.googleapis.com/region":"northamerica-northeast1"},"metadata":{"@type":"type.googleapis.com/google.firestore.admin.v1.LocationMetadata"},"locationId":"northamerica-northeast1","displayName":"Montréal"},{"name":"projects/site-velha-manna/locations/northamerica-northeast2","labels":{"cloud.googleapis.com/location":"northamerica-northeast2","cloud.googleapis.com/region":"northamerica-northeast2"},"metadata":{"@type":"type.googleapis.com/google.firestore.admin.v1.LocationMetadata"},"locationId":"northamerica-northeast2","displayName":"Toronto"},{"name":"projects/site-velha-manna/locations/northamerica-south1","labels":{"cloud.googleapis.com/location":"northamerica-south1","cloud.googleapis.com/region":"northamerica-south1"},"metadata":{"@type":"type.googleapis.com/google.firestore.admin.v1.LocationMetadata"},"locationId":"northamerica-south1","displayName":"Mexico"},{"name":"projects/site-velha-manna/locations/southamerica-east1","labels":{"appengine.googleapis.com/region":"southamerica-east1","cloud.googleapis.com/location":"southamerica-east1","cloud.googleapis.com/region":"southamerica-east1"},"metadata":{"@type":"type.googleapis.com/google.firestore.admin.v1.LocationMetadata"},"locationId":"southamerica-east1","displayName":"São Paulo"},{"name":"projects/site-velha-manna/locations/southamerica-west1","labels":{"cloud.googleapis.com/location":"southamerica-west1","cloud.googleapis.com/region":"southamerica-west1"},"metadata":{"@type":"type.googleapis.com/google.firestore.admin.v1.LocationMetadata"},"locationId":"southamerica-west1","displayName":"Santiago"},{"name":"projects/site-velha-manna/locations/us-central1","labels":{"cloud.googleapis.com/location":"us-central1","cloud.googleapis.com/region":"us-central1"},"metadata":{"@type":"type.googleapis.com/google.firestore.admin.v1.LocationMetadata"},"locationId":"us-central1","displayName":"Iowa"},{"name":"projects/site-velha-manna/locations/us-east1","labels":{"appengine.googleapis.com/region":"us-east1","cloud.googleapis.com/location":"us-east1","cloud.googleapis.com/region":"us-east1"},"metadata":{"@type":"type.googleapis.com/google.firestore.admin.v1.LocationMetadata"},"locationId":"us-east1","displayName":"South Carolina"},{"name":"projects/site-velha-manna/locations/us-east4","labels":{"appengine.googleapis.com/region":"us-east4","cloud.googleapis.com/location":"us-east4","cloud.googleapis.com/region":"us-east4"},"metadata":{"@type":"type.googleapis.com/google.firestore.admin.v1.LocationMetadata"},"locationId":"us-east4","displayName":"Northern Virginia"},{"name":"projects/site-velha-manna/locations/us-east5","labels":{"cloud.googleapis.com/location":"us-east5","cloud.googleapis.com/region":"us-east5"},"metadata":{"@type":"type.googleapis.com/google.firestore.admin.v1.LocationMetadata"},"locationId":"us-east5","displayName":"Columbus"},{"name":"projects/site-velha-manna/locations/us-south1","labels":{"cloud.googleapis.com/location":"us-south1","cloud.googleapis.com/region":"us-south1"},"metadata":{"@type":"type.googleapis.com/google.firestore.admin.v1.LocationMetadata"},"locationId":"us-south1","displayName":"Dallas"},{"name":"projects/site-velha-manna/locations/us-west1","labels":{"appengine.googleapis.com/region":"us-west1","cloud.googleapis.com/location":"us-west1","cloud.googleapis.com/region":"us-west1"},"metadata":{"@type":"type.googleapis.com/google.firestore.admin.v1.LocationMetadata"},"locationId":"us-west1","displayName":"Oregon"},{"name":"projects/site-velha-manna/locations/us-west2","labels":{"appengine.googleapis.com/region":"us-west2","cloud.googleapis.com/location":"us-west2","cloud.googleapis.com/region":"us-west2"},"metadata":{"@type":"type.googleapis.com/google.firestore.admin.v1.LocationMetadata"},"locationId":"us-west2","displayName":"Los Angeles"},{"name":"projects/site-velha-manna/locations/us-west3","labels":{"appengine.googleapis.com/region":"us-west3","cloud.googleapis.com/location":"us-west3","cloud.googleapis.com/region":"us-west3"},"metadata":{"@type":"type.googleapis.com/google.firestore.admin.v1.LocationMetadata"},"locationId":"us-west3","displayName":"Salt Lake City"},{"name":"projects/site-velha-manna/locations/us-west4","labels":{"appengine.googleapis.com/region":"us-west4","cloud.googleapis.com/location":"us-west4","cloud.googleapis.com/region":"us-west4"},"metadata":{"@type":"type.googleapis.com/google.firestore.admin.v1.LocationMetadata"},"locationId":"us-west4","displayName":"Las Vegas"}]}
